Exception in thread "DisconnectableInputStream source reader" org.gradle.api.UncheckedIOException: java.io.IOException: Input/output error
	at org.gradle.internal.UncheckedException.throwAsUncheckedException(UncheckedException.java:62)
	at org.gradle.internal.UncheckedException.throwAsUncheckedException(UncheckedException.java:41)
> Task :compileJava

	at org.gradle.util.internal.DisconnectableInputStream$1.run(DisconnectableInputStream.java:127)
	at java.base/java.lang.Thread.run(Thread.java:1583)
Caused by: java.io.IOException: Input/output error
	at java.base/java.io.FileInputStream.readBytes(Native Method)
	at java.base/java.io.FileInputStream.read(FileInputStream.java:287)
	at java.base/java.io.BufferedInputStream.read1(BufferedInputStream.java:345)
	at java.base/java.io.BufferedInputStream.implRead(BufferedInputStream.java:420)
	at java.base/java.io.BufferedInputStream.read(BufferedInputStream.java:399)
	at org.gradle.util.internal.DisconnectableInputStream$1.run(DisconnectableInputStream.java:98)
	... 1 more

> Task :compileJava UP-TO-DATE
> Task :processResources
> Task :processResources UP-TO-DATE
> Task :classes UP-TO-DATE
> Task :resolveMainClassName UP-TO-DATE
> Task :bootRun

  .   ____          _            __ _ _
 /\\ / ___'_ __ _ _(_)_ __  __ _ \ \ \ \
( ( )\___ | '_ | '_| | '_ \/ _` | \ \ \ \
 \\/  ___)| |_)| | | | | || (_| |  ) ) ) )
  '  |____| .__|_| |_|_| |_\__, | / / / /
 =========|_|==============|___/=/_/_/_/
 :: Spring Boot ::                (v3.2.0)

2024-12-11T16:18:09.129+09:00  INFO 82784 --- [           main] m.k.s.SpringBootDeveloperApplication     : Starting SpringBootDeveloperApplication using Java 21.0.3 with PID 82784 (/Users/rok/Desktop/java_project/book_station/build/classes/java/main started by rok in /Users/rok/Desktop/java_project/book_station)
2024-12-11T16:18:09.130+09:00  INFO 82784 --- [           main] m.k.s.SpringBootDeveloperApplication     : No active profile set, falling back to 1 default profile: "default"
2024-12-11T16:18:09.443+09:00  INFO 82784 --- [           main] .s.d.r.c.RepositoryConfigurationDelegate : Bootstrapping Spring Data JPA repositories in DEFAULT mode.
2024-12-11T16:18:09.467+09:00  INFO 82784 --- [           main] .s.d.r.c.RepositoryConfigurationDelegate : Finished Spring Data repository scanning in 21 ms. Found 1 JPA repository interface.
2024-12-11T16:18:09.747+09:00  INFO 82784 --- [           main] o.s.b.w.embedded.tomcat.TomcatWebServer  : Tomcat initialized with port 8080 (http)
2024-12-11T16:18:09.752+09:00  INFO 82784 --- [           main] o.apache.catalina.core.StandardService   : Starting service [Tomcat]
2024-12-11T16:18:09.752+09:00  INFO 82784 --- [           main] o.apache.catalina.core.StandardEngine    : Starting Servlet engine: [Apache Tomcat/10.1.16]
2024-12-11T16:18:09.776+09:00  INFO 82784 --- [           main] o.a.c.c.C.[Tomcat].[localhost].[/]       : Initializing Spring embedded WebApplicationContext
2024-12-11T16:18:09.776+09:00  INFO 82784 --- [           main] w.s.c.ServletWebServerApplicationContext : Root WebApplicationContext: initialization completed in 628 ms
2024-12-11T16:18:09.793+09:00  INFO 82784 --- [           main] com.zaxxer.hikari.HikariDataSource       : HikariPool-1 - Starting...
2024-12-11T16:18:09.913+09:00  INFO 82784 --- [           main] com.zaxxer.hikari.pool.HikariPool        : HikariPool-1 - Added connection conn0: url=jdbc:h2:mem:testdb user=SA
2024-12-11T16:18:09.922+09:00  INFO 82784 --- [           main] com.zaxxer.hikari.HikariDataSource       : HikariPool-1 - Start completed.
2024-12-11T16:18:09.928+09:00  INFO 82784 --- [           main] o.s.b.a.h2.H2ConsoleAutoConfiguration    : H2 console available at '/h2-console'. Database available at 'jdbc:h2:mem:testdb'
2024-12-11T16:18:10.029+09:00  INFO 82784 --- [           main] o.hibernate.jpa.internal.util.LogHelper  : HHH000204: Processing PersistenceUnitInfo [name: default]
2024-12-11T16:18:10.060+09:00  INFO 82784 --- [           main] org.hibernate.Version                    : HHH000412: Hibernate ORM core version 6.3.1.Final
2024-12-11T16:18:10.077+09:00  INFO 82784 --- [           main] o.h.c.internal.RegionFactoryInitiator    : HHH000026: Second-level cache disabled
2024-12-11T16:18:10.190+09:00  INFO 82784 --- [           main] o.s.o.j.p.SpringPersistenceUnitInfo      : No LoadTimeWeaver setup: ignoring JPA class transformer
2024-12-11T16:18:10.523+09:00  INFO 82784 --- [           main] o.h.e.t.j.p.i.JtaPlatformInitiator       : HHH000489: No JTA platform available (set 'hibernate.transaction.jta.platform' to enable JTA platform integration)
Hibernate: 
    drop table if exists book cascade 
Hibernate: 
    create table book (
        quantity integer,
        created_at timestamp(6),
        id bigint generated by default as identity,
        updated_at timestamp(6),
        author varchar(255) not null,
        information varchar(255) not null,
        title varchar(255) not null,
        primary key (id)
    )
2024-12-11T16:18:10.536+09:00  INFO 82784 --- [           main] j.LocalContainerEntityManagerFactoryBean : Initialized JPA EntityManagerFactory for persistence unit 'default'
2024-12-11T16:18:10.675+09:00  WARN 82784 --- [           main] JpaBaseConfiguration$JpaWebConfiguration : spring.jpa.open-in-view is enabled by default. Therefore, database queries may be performed during view rendering. Explicitly configure spring.jpa.open-in-view to disable this warning
2024-12-11T16:18:10.682+09:00  WARN 82784 --- [           main] .s.s.UserDetailsServiceAutoConfiguration : 

Using generated security password: 884357e1-b9c8-4824-bbd2-943f82090670

This generated password is for development use only. Your security configuration must be updated before running your application in production.

2024-12-11T16:18:10.778+09:00  INFO 82784 --- [           main] o.s.s.web.DefaultSecurityFilterChain     : Will secure any request with [org.springframework.security.web.session.DisableEncodeUrlFilter@4c438f66, org.springframework.security.web.context.request.async.WebAsyncManagerIntegrationFilter@13087c75, org.springframework.security.web.context.SecurityContextHolderFilter@3962b216, org.springframework.security.web.header.HeaderWriterFilter@2dd4a7a9, org.springframework.web.filter.CorsFilter@da4c5cb, org.springframework.security.web.authentication.logout.LogoutFilter@227fc322, org.springframework.security.web.savedrequest.RequestCacheAwareFilter@31a80c88, org.springframework.security.web.servletapi.SecurityContextHolderAwareRequestFilter@75566f4, org.springframework.security.web.authentication.AnonymousAuthenticationFilter@1fa24e7, org.springframework.security.web.access.ExceptionTranslationFilter@311453ab]
2024-12-11T16:18:10.779+09:00  WARN 82784 --- [           main] o.s.s.c.a.web.builders.WebSecurity       : You are asking Spring Security to ignore org.springframework.boot.autoconfigure.security.servlet.PathRequest$H2ConsoleRequestMatcher@1f86f7da. This is not recommended -- please use permitAll via HttpSecurity#authorizeHttpRequests instead.
2024-12-11T16:18:10.779+09:00  INFO 82784 --- [           main] o.s.s.web.DefaultSecurityFilterChain     : Will not secure org.springframework.boot.autoconfigure.security.servlet.PathRequest$H2ConsoleRequestMatcher@1f86f7da
2024-12-11T16:18:10.779+09:00  WARN 82784 --- [           main] o.s.s.c.a.web.builders.WebSecurity       : You are asking Spring Security to ignore Ant [pattern='/static/**']. This is not recommended -- please use permitAll via HttpSecurity#authorizeHttpRequests instead.
2024-12-11T16:18:10.779+09:00  INFO 82784 --- [           main] o.s.s.web.DefaultSecurityFilterChain     : Will not secure Ant [pattern='/static/**']
2024-12-11T16:18:10.830+09:00  WARN 82784 --- [           main] ion$DefaultTemplateResolverConfiguration : Cannot find template location: classpath:/templates/ (please add some templates, check your Thymeleaf configuration, or set spring.thymeleaf.check-template-location=false)
2024-12-11T16:18:10.877+09:00  INFO 82784 --- [           main] o.s.b.w.embedded.tomcat.TomcatWebServer  : Tomcat started on port 8080 (http) with context path ''
2024-12-11T16:18:10.880+09:00  INFO 82784 --- [           main] m.k.s.SpringBootDeveloperApplication     : Started SpringBootDeveloperApplication in 1.896 seconds (process running for 2.031)

Timed out waiting for finished message from client socket connection from /127.0.0.1:55400 to /127.0.0.1:55538. Discarding connection.

> Task :bootRun FAILED
2024-12-11T16:18:45.919+09:00  INFO 82784 --- [nio-8080-exec-2] o.a.c.c.C.[Tomcat].[localhost].[/]       : Initializing Spring DispatcherServlet 'dispatcherServlet'
2024-12-11T16:18:45.919+09:00  INFO 82784 --- [nio-8080-exec-2] o.s.web.servlet.DispatcherServlet        : Initializing Servlet 'dispatcherServlet'
2024-12-11T16:18:45.921+09:00  INFO 82784 --- [nio-8080-exec-2] o.s.web.servlet.DispatcherServlet        : Completed initialization in 2 ms
2024-12-11T16:18:45.926+09:00  WARN 82784 --- [nio-8080-exec-2] o.s.w.s.h.HandlerMappingIntrospector     : Cache miss for REQUEST dispatch to '/api/books' (previous null). Performing CorsConfiguration lookup. This is logged once only at WARN level, and every time at TRACE.
Hibernate: 
    select
        b1_0.id,
        b1_0.author,
        b1_0.created_at,
        b1_0.information,
        b1_0.quantity,
        b1_0.title,
        b1_0.updated_at 
    from
        book b1_0

FAILURE: Build failed with an exception.

* What went wrong:
Execution failed for task ':bootRun'.
> Process 'command '/opt/homebrew/Cellar/openjdk@21/21.0.3/libexec/openjdk.jdk/Contents/Home/bin/java'' finished with non-zero exit value 137

* Try:
> Run with --stacktrace option to get the stack trace.
> Run with --info or --debug option to get more log output.
> Run with --scan to get full insights.
> Get more help at https://help.gradle.org.

Deprecated Gradle features were used in this build, making it incompatible with Gradle 9.0.

You can use '--warning-mode all' to show the individual deprecation warnings and determine if they come from your own scripts or plugins.

For more on this, please refer to https://docs.gradle.org/8.5/userguide/command_line_interface.html#sec:command_line_warnings in the Gradle documentation.

BUILD FAILED in 1m 15s
4 actionable tasks: 1 executed, 3 up-to-date

FAILURE: Build failed with an exception.

* What went wrong:
Could not dispatch a message to the daemon.

* Try:
> Run with --stacktrace option to get the stack trace.
> Run with --info or --debug option to get more log output.
> Run with --scan to get full insights.
> Get more help at https://help.gradle.org.
